<?xml version="1.0" encoding="UTF-8"?>
<testsuite name="lab1.CommandLineArgsTest" tests="1" skipped="0" failures="0" errors="0" timestamp="2025-02-18T09:43:15" hostname="DESKTOP-I67LT0G" time="0.013">
  <properties/>
  <testcase name="testParseArguments()" classname="lab1.CommandLineArgsTest" time="0.013"/>
  <system-out><![CDATA[]]></system-out>
  <system-err><![CDATA[]]></system-err>
</testsuite>
